2026-07-03 08:50:29.015  [INFO]  ---- log session start (pid=24345) ----
2026-07-03 08:50:29.357  [INFO]  Auto-connecting to DC:0D:30:E2:51:FD
2026-07-03 08:50:29.368  [INFO]  Device type=CLASSIC name=vLinker BM-Android
2026-07-03 08:50:29.368  [INFO]  Opening RFCOMM SPP
2026-07-03 08:50:29.373  [INFO]  Bond state: BONDED
2026-07-03 08:50:37.079  [INFO]  SPP UUID connect failed (read failed, socket might closed or timeout, read ret: -1), trying ch1 reflection
2026-07-03 08:50:44.782  [ERROR]  Auto-connect failed: OBD connection failed: read failed, socket might closed or timeout, read ret: -1
2026-07-03 08:50:59.455  [INFO]  Auto-reconnect attempt #1
2026-07-03 08:50:59.456  [INFO]  Auto-connecting to DC:0D:30:E2:51:FD
2026-07-03 08:50:59.469  [INFO]  Device type=CLASSIC name=vLinker BM-Android
2026-07-03 08:50:59.469  [INFO]  Opening RFCOMM SPP
2026-07-03 08:50:59.469  [INFO]  Bond state: BONDED
2026-07-03 08:51:07.175  [INFO]  SPP UUID connect failed (read failed, socket might closed or timeout, read ret: -1), trying ch1 reflection
2026-07-03 08:51:14.876  [ERROR]  Auto-connect failed: OBD connection failed: read failed, socket might closed or timeout, read ret: -1
2026-07-03 08:51:29.498  [INFO]  Auto-reconnect attempt #2
2026-07-03 08:51:29.499  [INFO]  Auto-connecting to DC:0D:30:E2:51:FD
2026-07-03 08:51:29.513  [INFO]  Device type=CLASSIC name=vLinker BM-Android
2026-07-03 08:51:29.513  [INFO]  Opening RFCOMM SPP
2026-07-03 08:51:29.513  [INFO]  Bond state: BONDED
2026-07-03 08:51:37.217  [INFO]  SPP UUID connect failed (read failed, socket might closed or timeout, read ret: -1), trying ch1 reflection
2026-07-03 08:51:44.917  [ERROR]  Auto-connect failed: OBD connection failed: read failed, socket might closed or timeout, read ret: -1
2026-07-03 08:52:29.530  [INFO]  Auto-reconnect attempt #3
2026-07-03 08:52:29.532  [INFO]  Auto-connecting to DC:0D:30:E2:51:FD
2026-07-03 08:52:29.548  [INFO]  Device type=CLASSIC name=vLinker BM-Android
2026-07-03 08:52:29.548  [INFO]  Opening RFCOMM SPP
2026-07-03 08:52:29.548  [INFO]  Bond state: BONDED
2026-07-03 08:52:37.253  [INFO]  SPP UUID connect failed (read failed, socket might closed or timeout, read ret: -1), trying ch1 reflection
2026-07-03 08:52:44.956  [ERROR]  Auto-connect failed: OBD connection failed: read failed, socket might closed or timeout, read ret: -1
2026-07-03 13:17:36.543  [INFO]  ---- log session start (pid=32747) ----
2026-07-03 13:17:36.847  [INFO]  Auto-connecting to DC:0D:30:E2:51:FD
2026-07-03 13:17:36.868  [INFO]  Device type=CLASSIC name=vLinker BM-Android
2026-07-03 13:17:36.868  [INFO]  Opening RFCOMM SPP
2026-07-03 13:17:36.873  [INFO]  Bond state: BONDED
2026-07-03 13:17:37.656  [INFO]  RFCOMM socket open
2026-07-03 13:17:37.658  [TX]  init> ATZ
2026-07-03 13:17:38.618  [RX]  init< ATZELM327 v2.2
2026-07-03 13:17:38.618  [TX]  init> ATE0
2026-07-03 13:17:38.643  [RX]  init< ATE0OK
2026-07-03 13:17:38.685  [TX]  init> ATL0
2026-07-03 13:17:38.727  [RX]  init< OK
2026-07-03 13:17:38.767  [TX]  init> ATH0
2026-07-03 13:17:38.809  [RX]  init< OK
2026-07-03 13:17:38.851  [TX]  init> ATCAF1
2026-07-03 13:17:38.892  [RX]  init< OK
2026-07-03 13:17:38.932  [TX]  init> ATST 64
2026-07-03 13:17:38.954  [RX]  init< OK
2026-07-03 13:17:38.994  [TX]  init> ATAT2
2026-07-03 13:17:39.036  [RX]  init< OK
2026-07-03 13:17:39.078  [TX]  init> ATSP0
2026-07-03 13:17:39.120  [RX]  init< OK
2026-07-03 13:17:39.121  [TX]  init> 0100
2026-07-03 13:17:43.835  [RX]  init< SEARCHING...41 00 80 18 00 11 41 00 BF 9F A8 91
2026-07-03 13:17:43.836  [INFO]  Probe ATSP0 -> OK
2026-07-03 13:17:43.836  [TX]  init> ATDPN
2026-07-03 13:17:43.856  [RX]  init< A5
2026-07-03 13:17:43.856  [INFO]  ELM327 init complete
2026-07-03 13:17:43.857  [INFO]  Auto-connect OK
2026-07-03 13:17:43.858  [INFO]  Poll loop start (interval=500ms, 11 cmds)
2026-07-03 13:17:43.870  [INFO]  Device type=CLASSIC name=vLinker BM-Android
2026-07-03 13:17:43.870  [INFO]  Opening RFCOMM SPP
2026-07-03 13:17:43.870  [INFO]  Bond state: BONDED
2026-07-03 13:17:44.000  [INFO]  RFCOMM socket open
2026-07-03 13:17:44.000  [TX]  init> ATZ
2026-07-03 13:17:44.945  [RX]  init< ELM327 v2.2
2026-07-03 13:17:44.945  [TX]  init> ATE0
2026-07-03 13:17:44.966  [RX]  init< ATE0OK
2026-07-03 13:17:45.007  [TX]  init> ATL0
2026-07-03 13:17:45.048  [RX]  init< OK
2026-07-03 13:17:45.089  [TX]  init> ATH0
2026-07-03 13:17:45.130  [RX]  init< OK
2026-07-03 13:17:45.171  [TX]  init> ATCAF1
2026-07-03 13:17:45.232  [RX]  init< OK
2026-07-03 13:17:45.273  [TX]  init> ATST 64
2026-07-03 13:17:45.295  [RX]  init< OK
2026-07-03 13:17:45.335  [TX]  init> ATAT2
2026-07-03 13:17:45.376  [RX]  init< OK
2026-07-03 13:17:45.417  [TX]  init> ATSP0
2026-07-03 13:17:45.458  [RX]  init< OK
2026-07-03 13:17:45.458  [TX]  init> 0100
2026-07-03 13:17:50.172  [RX]  init< SEARCHING...41 00 80 18 00 11 41 00 BF 9F A8 91
2026-07-03 13:17:50.173  [INFO]  Probe ATSP0 -> OK
2026-07-03 13:17:50.173  [TX]  init> ATDPN
2026-07-03 13:17:50.194  [RX]  init< A5
2026-07-03 13:17:50.194  [INFO]  ELM327 init complete
2026-07-03 13:17:50.197  [INFO]  Poll loop start (interval=500ms, 11 cmds)
2026-07-03 13:17:50.289  [INFO]  Poll group -> GROUP_DASHBOARD (interval=500ms, 11 cmds)
2026-07-03 13:17:50.292  [ERROR]  Poll FAIL: RPM — Interrupted
2026-07-03 13:17:50.292  [ERROR]  Poll FAIL: Vehicle Speed — Interrupted
2026-07-03 13:17:50.292  [ERROR]  Poll FAIL: Coolant Temp — Interrupted
2026-07-03 13:17:50.292  [ERROR]  Poll FAIL: Oil Temp — Interrupted
2026-07-03 13:17:50.293  [ERROR]  Poll FAIL: Throttle Position — Interrupted
2026-07-03 13:17:50.293  [ERROR]  Poll FAIL: Engine Load — Interrupted
2026-07-03 13:17:50.294  [ERROR]  Poll FAIL: Battery Voltage — Interrupted
2026-07-03 13:17:50.294  [ERROR]  Poll FAIL: Fuel Level — Interrupted
2026-07-03 13:17:50.295  [ERROR]  Poll FAIL: Mass Air Flow — Interrupted
2026-07-03 13:17:50.295  [ERROR]  Poll FAIL: Intake Air Temp — Interrupted
2026-07-03 13:17:50.295  [ERROR]  Poll FAIL: MIL Status — Interrupted
2026-07-03 13:17:51.170  [INFO]  Poll OK: Coolant Temp=84.0 °C
2026-07-03 13:17:52.382  [INFO]  Poll OK: Throttle Position=17.254901960784313 %
2026-07-03 13:17:52.986  [INFO]  Poll OK: Engine Load=38.03921568627451 %
2026-07-03 13:17:53.009  [INFO]  Poll OK: Battery Voltage=13.8 V
2026-07-03 13:17:54.257  [INFO]  Poll OK: Mass Air Flow=7.24 g/s
2026-07-03 13:17:54.532  [INFO]  Poll OK: Intake Air Temp=53.0 °C
2026-07-03 13:17:54.794  [INFO]  Poll OK: MIL Status=0.0 
2026-07-03 13:17:55.561  [INFO]  Poll OK: RPM=823.0 1/min
2026-07-03 13:17:55.835  [INFO]  Poll OK: Vehicle Speed=0.0 km/h
2026-07-03 13:18:09.628  [INFO]  Poll group -> GROUP_DASHBOARD (interval=500ms, 11 cmds)
2026-07-03 13:18:20.814  [INFO]  Poll group -> GROUP_HUD_DASHBOARD (interval=700ms, 17 cmds)
2026-07-03 13:18:20.814  [ERROR]  Poll FAIL: Throttle Position — Interrupted
2026-07-03 13:18:20.815  [ERROR]  Poll FAIL: Engine Load — Interrupted
2026-07-03 13:18:20.815  [ERROR]  Poll FAIL: Battery Voltage — Interrupted
2026-07-03 13:18:20.815  [ERROR]  Poll FAIL: Mass Air Flow — Interrupted
2026-07-03 13:18:20.815  [ERROR]  Poll FAIL: Intake Air Temp — Interrupted
2026-07-03 13:18:20.816  [ERROR]  Poll FAIL: MIL Status — Interrupted
2026-07-03 13:18:20.838  [ERROR]  Poll FAIL: RPM — ELM: STOPPED
2026-07-03 13:18:20.932  [ERROR]  Poll FAIL: Vehicle Speed — ELM: STOPPED
2026-07-03 13:18:21.741  [INFO]  Poll OK: Throttle Position=17.254901960784313 %
2026-07-03 13:18:22.019  [INFO]  Poll OK: Engine Load=38.431372549019606 %
2026-07-03 13:18:22.051  [INFO]  Poll OK: Battery Voltage=13.8 V
2026-07-03 13:18:22.535  [INFO]  Poll OK: Mass Air Flow=7.18 g/s
2026-07-03 13:18:22.777  [INFO]  Poll OK: Intake Air Temp=55.0 °C
2026-07-03 13:18:23.053  [INFO]  Poll OK: MIL Status=0.0 
2026-07-03 13:18:23.297  [INFO]  Poll OK: Timing Advance=2.5 ° BTDC
2026-07-03 13:18:23.550  [ERROR]  Poll FAIL: Engine Torque — ELM: NO DATA
2026-07-03 13:18:23.824  [INFO]  Poll OK: Lambda=0.9931640625 λ
2026-07-03 13:18:24.090  [INFO]  Poll OK: Short Term Fuel Trim=-2.34375 %
2026-07-03 13:18:24.359  [INFO]  Poll OK: Long Term Fuel Trim=3.90625 %
2026-07-03 13:18:24.616  [ERROR]  Poll FAIL: Ambient Air Temperature — ELM: NO DATA
2026-07-03 13:18:25.571  [INFO]  Poll OK: RPM=810.0 1/min
2026-07-03 13:18:25.820  [INFO]  Poll OK: Vehicle Speed=0.0 km/h
2026-07-03 13:18:38.830  [ERROR]  Poll FAIL: Long Term Fuel Trim — Interrupted
2026-07-03 13:18:38.830  [TX]  AT> ATCAF1
2026-07-03 13:18:38.878  [TX]  AT> ATSH 6F1
2026-07-03 13:18:38.894  [TX]  AT> ATCRA 612
2026-07-03 13:18:38.910  [TX]  AT> ATFCSH 6F1
2026-07-03 13:18:38.958  [TX]  AT> ATFCSD 30 00 00
2026-07-03 13:18:38.974  [TX]  AT> ATFCSM 1
2026-07-03 13:18:38.990  [TX]  TX> 12 22 40 0C
2026-07-03 13:18:39.552  [TX]  AT> ATSH 7DF
2026-07-03 13:18:39.568  [TX]  AT> ATCRA
2026-07-03 13:18:39.585  [TX]  AT> ATAR
2026-07-03 13:18:39.633  [TX]  AT> ATFCSM0
2026-07-03 13:18:39.651  [INFO]  FuelProbe FUEL_LEVEL_DME_400C (DID 0x400C): no-data | raw=NO DATA
2026-07-03 13:18:39.651  [INFO]  Poll loop start (interval=700ms, 17 cmds)
2026-07-03 13:18:39.652  [ERROR]  Poll FAIL: RPM — Interrupted
2026-07-03 13:18:39.652  [TX]  AT> ATCAF1
2026-07-03 13:18:40.194  [TX]  AT> ATSH 6F1
2026-07-03 13:18:40.211  [TX]  AT> ATCRA 612
2026-07-03 13:18:40.228  [TX]  AT> ATFCSH 6F1
2026-07-03 13:18:40.244  [TX]  AT> ATFCSD 30 00 00
2026-07-03 13:18:40.261  [TX]  AT> ATFCSM 1
2026-07-03 13:18:40.309  [TX]  TX> 12 22 40 21
2026-07-03 13:18:40.854  [TX]  AT> ATSH 7DF
2026-07-03 13:18:40.870  [TX]  AT> ATCRA
2026-07-03 13:18:40.887  [TX]  AT> ATAR
2026-07-03 13:18:40.904  [TX]  AT> ATFCSM0
2026-07-03 13:18:40.952  [INFO]  FuelProbe FUEL_LEVEL_DME_4021 (DID 0x4021): no-data | raw=NO DATA
2026-07-03 13:18:40.953  [INFO]  Poll loop start (interval=700ms, 17 cmds)
2026-07-03 13:18:40.953  [TX]  AT> ATCAF1
2026-07-03 13:18:40.970  [TX]  AT> ATSH 6F1
2026-07-03 13:18:40.986  [TX]  AT> ATCRA 612
2026-07-03 13:18:41.034  [TX]  AT> ATFCSH 6F1
2026-07-03 13:18:41.051  [TX]  AT> ATFCSD 30 00 00
2026-07-03 13:18:41.067  [TX]  AT> ATFCSM 1
2026-07-03 13:18:41.147  [TX]  TX> 12 22 40 2A
2026-07-03 13:18:41.702  [TX]  AT> ATSH 7DF
2026-07-03 13:18:41.719  [TX]  AT> ATCRA
2026-07-03 13:18:41.750  [TX]  AT> ATAR
2026-07-03 13:18:41.798  [TX]  AT> ATFCSM0
2026-07-03 13:18:41.816  [INFO]  FuelProbe FUEL_LEVEL_DME_402A (DID 0x402A): no-data | raw=NO DATA
2026-07-03 13:18:41.817  [INFO]  Poll loop start (interval=700ms, 17 cmds)
2026-07-03 13:18:41.817  [TX]  AT> ATCAF1
2026-07-03 13:18:41.833  [TX]  AT> ATSH 6F1
2026-07-03 13:18:41.882  [TX]  AT> ATCRA 612
2026-07-03 13:18:41.899  [TX]  AT> ATFCSH 6F1
2026-07-03 13:18:41.915  [TX]  AT> ATFCSD 30 00 00
2026-07-03 13:18:41.963  [TX]  AT> ATFCSM 1
2026-07-03 13:18:41.980  [TX]  TX> 12 22 5C 40
2026-07-03 13:18:42.546  [TX]  AT> ATSH 7DF
2026-07-03 13:18:42.563  [TX]  AT> ATCRA
2026-07-03 13:18:42.579  [TX]  AT> ATAR
2026-07-03 13:18:42.627  [TX]  AT> ATFCSM0
2026-07-03 13:18:42.644  [INFO]  FuelProbe FUEL_LEVEL_DME_5C40 (DID 0x5C40): no-data | raw=NO DATA
2026-07-03 13:18:42.645  [INFO]  Poll loop start (interval=700ms, 17 cmds)
2026-07-03 13:18:42.645  [INFO]  FuelProbe FAIL — no DID returned 0-100 %
2026-07-03 13:18:43.191  [ERROR]  Poll FAIL: RPM — ELM: NO DATA
2026-07-03 13:18:43.742  [ERROR]  Poll FAIL: Vehicle Speed — ELM: NO DATA
2026-07-03 13:18:44.291  [ERROR]  Poll FAIL: Coolant Temp — ELM: NO DATA
2026-07-03 13:18:44.832  [ERROR]  Poll FAIL: Throttle Position — ELM: NO DATA
2026-07-03 13:18:45.402  [ERROR]  Poll FAIL: Engine Load — ELM: NO DATA
2026-07-03 13:18:45.436  [INFO]  Poll OK: Battery Voltage=13.8 V
2026-07-03 13:18:45.986  [ERROR]  Poll FAIL: Mass Air Flow — ELM: NO DATA
2026-07-03 13:18:46.521  [ERROR]  Poll FAIL: Intake Air Temp — ELM: NO DATA
2026-07-03 13:18:47.051  [ERROR]  Poll FAIL: MIL Status — ELM: NO DATA
2026-07-03 13:18:47.596  [ERROR]  Poll FAIL: Timing Advance — ELM: NO DATA
2026-07-03 13:18:47.656  [INFO]  Poll group -> GROUP_DASHBOARD (interval=500ms, 11 cmds)
2026-07-03 13:18:47.657  [ERROR]  Poll FAIL: Lambda — Interrupted
2026-07-03 13:18:47.658  [ERROR]  Poll FAIL: Short Term Fuel Trim — Interrupted
2026-07-03 13:18:47.660  [ERROR]  Poll FAIL: Long Term Fuel Trim — Interrupted
2026-07-03 13:18:47.661  [ERROR]  Poll FAIL: Ambient Air Temperature — Interrupted
2026-07-03 13:19:05.415  [INFO]  Poll group -> GROUP_DASHBOARD (interval=500ms, 11 cmds)
2026-07-03 13:19:05.546  [ERROR]  Poll FAIL: Battery Voltage — Parse error [Battery Voltage]: STOPPED
2026-07-03 13:19:07.714  [INFO]  Poll OK: Battery Voltage=13.8 V
2026-07-03 13:19:10.534  [INFO]  Poll group -> GROUP_DASHBOARD (interval=500ms, 11 cmds)
2026-07-03 13:19:39.216  [INFO]  Poll group -> GROUP_DASHBOARD (interval=500ms, 11 cmds)
2026-07-03 13:19:57.710  [TX]  03
2026-07-03 13:19:58.234  [RX]  NO DATA
2026-07-03 13:19:58.237  [INFO]  Poll loop start (interval=500ms, 11 cmds)
2026-07-03 13:19:58.251  [INFO]  Poll OK: Battery Voltage=13.8 V
2026-07-03 13:20:12.065  [INFO]  Auto-connecting to DC:0D:30:E2:51:FD
2026-07-03 13:20:12.076  [INFO]  Device type=CLASSIC name=vLinker BM-Android
2026-07-03 13:20:12.076  [INFO]  Opening RFCOMM SPP
2026-07-03 13:20:12.076  [INFO]  Bond state: BONDED
2026-07-03 13:20:12.228  [INFO]  RFCOMM socket open
2026-07-03 13:20:12.228  [TX]  init> ATZ
2026-07-03 13:20:13.174  [RX]  init< ELM327 v2.2
2026-07-03 13:20:13.174  [TX]  init> ATE0
2026-07-03 13:20:13.195  [RX]  init< ATE0OK
2026-07-03 13:20:13.235  [TX]  init> ATL0
2026-07-03 13:20:13.256  [RX]  init< OK
2026-07-03 13:20:13.297  [TX]  init> ATH0
2026-07-03 13:20:13.318  [RX]  init< OK
2026-07-03 13:20:13.358  [TX]  init> ATCAF1
2026-07-03 13:20:13.380  [RX]  init< OK
2026-07-03 13:20:13.420  [TX]  init> ATST 64
2026-07-03 13:20:13.441  [RX]  init< OK
2026-07-03 13:20:13.482  [TX]  init> ATAT2
2026-07-03 13:20:13.503  [RX]  init< OK
2026-07-03 13:20:13.543  [TX]  init> ATSP0
2026-07-03 13:20:13.585  [RX]  init< OK
2026-07-03 13:20:13.585  [TX]  init> 0100
2026-07-03 13:20:18.303  [RX]  init< SEARCHING...41 00 80 18 00 11 41 00 BF 9F A8 91
2026-07-03 13:20:18.304  [INFO]  Probe ATSP0 -> OK
2026-07-03 13:20:18.304  [TX]  init> ATDPN
2026-07-03 13:20:18.326  [RX]  init< A5
2026-07-03 13:20:18.326  [INFO]  ELM327 init complete
2026-07-03 13:20:18.327  [INFO]  Auto-connect OK
2026-07-03 13:20:18.329  [INFO]  Poll loop start (interval=500ms, 11 cmds)
2026-07-03 13:20:18.345  [INFO]  Device type=CLASSIC name=vLinker BM-Android
2026-07-03 13:20:18.345  [INFO]  Opening RFCOMM SPP
2026-07-03 13:20:18.346  [INFO]  Bond state: BONDED
2026-07-03 13:20:18.444  [INFO]  RFCOMM socket open
2026-07-03 13:20:18.444  [TX]  init> ATZ
2026-07-03 13:20:19.405  [RX]  init< ELM327 v2.2
2026-07-03 13:20:19.405  [TX]  init> ATE0
2026-07-03 13:20:19.427  [RX]  init< ATE0OK
2026-07-03 13:20:19.467  [TX]  init> ATL0
2026-07-03 13:20:19.510  [RX]  init< OK
2026-07-03 13:20:19.551  [TX]  init> ATH0
2026-07-03 13:20:19.594  [RX]  init< OK
2026-07-03 13:20:19.636  [TX]  init> ATCAF1
2026-07-03 13:20:19.678  [RX]  init< OK
2026-07-03 13:20:19.720  [TX]  init> ATST 64
2026-07-03 13:20:19.762  [RX]  init< OK
2026-07-03 13:20:19.802  [TX]  init> ATAT2
2026-07-03 13:20:19.864  [RX]  init< OK
2026-07-03 13:20:19.905  [TX]  init> ATSP0
2026-07-03 13:20:19.947  [RX]  init< OK
2026-07-03 13:20:19.947  [TX]  init> 0100
2026-07-03 13:20:24.652  [RX]  init< SEARCHING...41 00 80 18 00 11 41 00 BF 9F A8 91
2026-07-03 13:20:24.653  [INFO]  Probe ATSP0 -> OK
2026-07-03 13:20:24.653  [TX]  init> ATDPN
2026-07-03 13:20:24.675  [RX]  init< A5
2026-07-03 13:20:24.675  [INFO]  ELM327 init complete
2026-07-03 13:20:24.677  [INFO]  Poll loop start (interval=500ms, 11 cmds)
2026-07-03 13:20:24.758  [INFO]  Poll group -> GROUP_DASHBOARD (interval=500ms, 11 cmds)
2026-07-03 13:20:24.758  [ERROR]  Poll FAIL: RPM — Interrupted
2026-07-03 13:20:24.759  [ERROR]  Poll FAIL: Vehicle Speed — Interrupted
2026-07-03 13:20:24.759  [ERROR]  Poll FAIL: Coolant Temp — Interrupted
2026-07-03 13:20:24.760  [ERROR]  Poll FAIL: Oil Temp — Interrupted
2026-07-03 13:20:24.760  [ERROR]  Poll FAIL: Throttle Position — Interrupted
2026-07-03 13:20:24.760  [ERROR]  Poll FAIL: Engine Load — Interrupted
2026-07-03 13:20:24.761  [ERROR]  Poll FAIL: Battery Voltage — Interrupted
2026-07-03 13:20:24.761  [ERROR]  Poll FAIL: Fuel Level — Interrupted
2026-07-03 13:20:24.761  [ERROR]  Poll FAIL: Mass Air Flow — Interrupted
2026-07-03 13:20:24.762  [ERROR]  Poll FAIL: Intake Air Temp — Interrupted
2026-07-03 13:20:24.762  [ERROR]  Poll FAIL: MIL Status — Interrupted
2026-07-03 13:20:25.642  [INFO]  Poll OK: Coolant Temp=84.0 °C
2026-07-03 13:20:26.880  [INFO]  Poll OK: Throttle Position=17.254901960784313 %
2026-07-03 13:20:27.511  [INFO]  Poll OK: Engine Load=38.431372549019606 %
2026-07-03 13:20:27.536  [INFO]  Poll OK: Battery Voltage=13.9 V
2026-07-03 13:20:28.746  [INFO]  Poll OK: Mass Air Flow=7.36 g/s
2026-07-03 13:20:29.015  [INFO]  Poll OK: Intake Air Temp=61.0 °C
2026-07-03 13:20:29.272  [INFO]  Poll OK: MIL Status=0.0 
2026-07-03 13:20:30.063  [INFO]  Poll OK: RPM=820.0 1/min
2026-07-03 13:20:30.334  [INFO]  Poll OK: Vehicle Speed=0.0 km/h
2026-07-03 13:27:41.554  [ERROR]  Poll FAIL: MIL Status — ELM: 
2026-07-03 13:27:47.106  [INFO]  Poll OK: MIL Status=0.0 
