---- OBD2 app crash report ----
time:    Fri Jun 26 20:54:40 GMT+04:00 2026
thread:  ModuleIdRead (id=5462)
device:  TECNO TECNO KM9
android: 15 (sdk 35)

---- stacktrace ----
java.lang.NullPointerException: Attempt to invoke virtual method 'com.example.obd.ObdManagerFast$ModuleIdentification com.example.obd.ObdManagerFast.readModuleId(com.example.obd.BmwModule)' on a null object reference
	at com.example.obd.ServiceFunctionsController.lambda$wireModuleId$1$com-example-obd-ServiceFunctionsController(ServiceFunctionsController.java:80)
	at com.example.obd.ServiceFunctionsController$$ExternalSyntheticLambda17.run(D8$$SyntheticClass:0)
	at java.lang.Thread.run(Thread.java:1572)

---- recent ObdLogger entries ----
20:50:51.649  [INFO]  ---- log session start (pid=32143) ----
20:50:51.884  [INFO]  Auto-connecting to DC:0D:30:E2:51:FD
20:50:51.899  [INFO]  Device type=CLASSIC name=vLinker BM-Android
20:50:51.904  [INFO]  Opening RFCOMM SPP
20:50:51.908  [INFO]  Bond state: BONDED
20:50:52.536  [INFO]  RFCOMM socket open
20:50:52.536  [TX]  init> ATZ
20:50:53.493  [RX]  init< ELM327 v2.2
20:50:54.295  [TX]  init> ATE0
20:50:54.318  [RX]  init< ATE0OK
20:50:54.400  [TX]  init> ATL0
20:50:54.422  [RX]  init< OK
20:50:54.504  [TX]  init> ATH0
20:50:54.527  [RX]  init< OK
20:50:54.610  [TX]  init> ATCAF1
20:50:54.633  [RX]  init< OK
20:50:54.714  [TX]  init> ATST 64
20:50:54.758  [RX]  init< OK
20:50:54.840  [TX]  init> ATAT2
20:50:54.882  [RX]  init< OK
20:50:54.964  [TX]  init> ATSP0
20:50:54.987  [RX]  init< OK
20:50:54.989  [TX]  init> 0100
20:51:00.007  [RX]  init< SEARCHING...SEA
20:51:01.515  [INFO]  Probe ATSP0 -> no-data
20:51:01.516  [INFO]  ATSP0 auto-detect did not respond to 0100; forcing ATSP6 (CAN 11/500) for BMW E65
20:51:01.518  [TX]  init> ATSP6
20:51:06.519  [RX]  init< 41 05 79
20:51:06.522  [TX]  init> 0100
20:51:07.185  [RX]  init< 
20:51:08.687  [INFO]  Probe ATSP6 -> no-data
20:51:08.690  [INFO]  ATSP6 also failed; trying ATSP7 (CAN 29/500)
20:51:08.692  [TX]  init> ATSP7
20:51:09.085  [RX]  init< CAN ERROR
20:51:09.089  [TX]  init> 0100
20:51:09.484  [RX]  init< CAN ERROR
20:51:10.368  [TX]  03
20:51:10.476  [RX]  CAN ERROR
20:51:10.987  [INFO]  Probe ATSP7 -> no-data
20:51:10.989  [ERROR]  Protocol detection failed on ATSP0/6/7 — polling will likely return NO DATA
20:51:10.991  [TX]  init> ATDPN
20:51:12.127  [RX]  init< CAN ERROR
20:51:12.129  [INFO]  ELM327 init complete
20:51:12.133  [INFO]  Auto-connect OK
20:51:12.304  [TX]  07
20:51:12.415  [RX]  CAN ERROR
20:51:13.529  [TX]  0A
20:51:13.635  [RX]  CAN ERROR
20:51:14.284  [TX]  0902
20:51:14.328  [RX]  13.5V
20:51:14.332  [TX]  0904
20:51:14.417  [RX]  STOPPED
20:51:14.422  [TX]  090A
20:51:14.530  [RX]  STOPPED
20:51:17.151  [TX]  0202
20:51:17.258  [RX]  CAN ERROR
20:51:17.261  [TX]  020C
20:51:17.348  [RX]  STOPPED
20:51:17.353  [TX]  020D
20:51:17.458  [RX]  STOPPED
20:51:17.462  [TX]  0204
20:51:17.571  [RX]  STOPPED
20:51:17.575  [TX]  0205
20:51:17.661  [RX]  STOPPED
20:51:17.665  [TX]  020F
20:51:17.751  [RX]  STOPPED
20:51:17.755  [TX]  0211
20:51:17.841  [RX]  STOPPED
20:51:17.846  [TX]  0210
20:51:17.933  [RX]  STOPPED
20:51:22.744  [TX]  0101
20:51:22.809  [RX]  STOPPED
20:51:25.470  [INFO]  Module read: DSC (resp 629)
20:51:25.472  [TX]  AT> ATCAF1
20:51:25.490  [TX]  AT> ATSH 6F1
20:51:25.507  [TX]  AT> ATCRA 629
20:51:25.525  [TX]  AT> ATFCSH 6F1
20:51:25.542  [TX]  AT> ATFCSD 30 00 00
20:51:25.578  [TX]  AT> ATFCSM 1
20:51:25.643  [TX]  TX> 29 19 02 FF
20:51:25.724  [RX]  module< CAN ERROR
20:51:25.727  [TX]  AT> ATCRA
20:51:25.762  [TX]  AT> ATAR
20:51:28.361  [INFO]  Module read: EGS (resp 618)
20:51:28.363  [TX]  AT> ATCAF1
20:51:28.427  [TX]  AT> ATSH 6F1
20:51:28.445  [TX]  AT> ATCRA 618
20:51:28.463  [TX]  AT> ATFCSH 6F1
20:51:28.480  [TX]  AT> ATFCSD 30 00 00
20:51:28.544  [TX]  AT> ATFCSM 1
20:51:28.562  [TX]  TX> 18 19 02 FF
20:51:28.656  [RX]  module< CAN ERROR
20:51:28.658  [TX]  AT> ATCRA
20:51:28.676  [TX]  AT> ATAR
20:51:30.402  [TX]  03
20:51:30.465  [RX]  STOPPED
20:51:30.466  [TX]  07
20:51:30.570  [RX]  STOPPED
20:51:30.574  [TX]  0A
20:51:30.658  [RX]  STOPPED
20:51:30.662  [TX]  0101
20:51:30.787  [RX]  STOPPED
20:51:30.791  [INFO]  Module read: EGS (resp 618)
20:51:30.793  [TX]  AT> ATCAF1
20:51:30.841  [TX]  AT> ATSH 6F1
20:51:30.875  [TX]  AT> ATCRA 618
20:51:30.894  [TX]  AT> ATFCSH 6F1
20:51:30.943  [TX]  AT> ATFCSD 30 00 00
20:51:30.960  [TX]  AT> ATFCSM 1
20:51:30.978  [TX]  TX> 18 19 02 FF
20:51:31.058  [RX]  module< CAN ERROR
20:51:31.060  [TX]  AT> ATCRA
20:51:31.094  [TX]  AT> ATAR
20:51:31.113  [INFO]  Module read: DSC (resp 629)
20:51:31.115  [TX]  AT> ATCAF1
20:51:31.132  [TX]  AT> ATSH 6F1
20:51:31.150  [TX]  AT> ATCRA 629
20:51:31.214  [TX]  AT> ATFCSH 6F1
20:51:31.232  [TX]  AT> ATFCSD 30 00 00
20:51:31.250  [TX]  AT> ATFCSM 1
20:51:31.267  [TX]  TX> 29 19 02 FF
20:51:31.363  [RX]  module< CAN ERROR
20:51:31.365  [TX]  AT> ATCRA
20:51:31.398  [TX]  AT> ATAR
20:51:31.418  [INFO]  Module read: ICM (resp 640)
20:51:31.420  [TX]  AT> ATCAF1
20:51:31.484  [TX]  AT> ATSH 6F1
20:51:31.517  [TX]  AT> ATCRA 640
20:51:31.535  [TX]  AT> ATFCSH 6F1
20:51:31.553  [TX]  AT> ATFCSD 30 00 00
20:51:31.602  [TX]  AT> ATFCSM 1
20:51:31.620  [TX]  TX> 40 19 02 FF
20:51:31.731  [RX]  module< CAN ERROR
20:51:31.732  [TX]  AT> ATCRA
20:51:31.750  [TX]  AT> ATAR
20:51:31.770  [INFO]  Module read: EHC (resp 660)
20:51:31.772  [TX]  AT> ATCAF1
20:51:31.790  [TX]  AT> ATSH 6F1
20:51:31.807  [TX]  AT> ATCRA 660
20:51:31.826  [TX]  AT> ATFCSH 6F1
20:51:31.844  [TX]  AT> ATFCSD 30 00 00
20:51:31.862  [TX]  AT> ATFCSM 1
20:51:31.880  [TX]  TX> 60 19 02 FF
20:51:31.990  [RX]  module< CAN ERROR
20:51:31.992  [TX]  AT> ATCRA
20:51:32.010  [TX]  AT> ATAR
20:51:32.030  [INFO]  Module read: ZGM (resp 661)
20:51:32.031  [TX]  AT> ATCAF1
20:51:32.048  [TX]  AT> ATSH 6F1
20:51:32.113  [TX]  AT> ATCRA 661
20:51:32.130  [TX]  AT> ATFCSH 6F1
20:51:32.148  [TX]  AT> ATFCSD 30 00 00
20:51:32.166  [TX]  AT> ATFCSM 1
20:51:32.231  [TX]  TX> 61 19 02 FF
20:51:32.341  [RX]  module< CAN ERROR
20:51:32.343  [TX]  AT> ATCRA
20:51:32.361  [TX]  AT> ATAR
20:51:32.380  [INFO]  Module read: SZL (resp 66F)
20:51:32.381  [TX]  AT> ATCAF1
20:51:32.414  [TX]  AT> ATSH 6F1
20:51:32.448  [TX]  AT> ATCRA 66F
20:51:32.466  [TX]  AT> ATFCSH 6F1
20:51:32.484  [TX]  AT> ATFCSD 30 00 00
20:51:32.518  [TX]  AT> ATFCSM 1
20:51:32.567  [TX]  TX> 6F 19 02 FF
20:51:32.663  [RX]  module< CAN ERROR
20:51:32.666  [TX]  AT> ATCRA
20:51:32.732  [TX]  AT> ATAR
20:51:32.754  [INFO]  Module read: EMF (resp 673)
20:51:32.757  [TX]  AT> ATCAF1
20:51:32.775  [TX]  AT> ATSH 6F1
20:51:32.793  [TX]  AT> ATCRA 673
20:51:32.859  [TX]  AT> ATFCSH 6F1
20:51:32.879  [TX]  AT> ATFCSD 30 00 00
20:51:32.898  [TX]  AT> ATFCSM 1
20:51:32.917  [TX]  TX> 73 19 02 FF
20:51:33.015  [RX]  module< CAN ERROR
20:51:33.018  [TX]  AT> ATCRA
20:51:33.036  [TX]  AT> ATAR
20:51:33.056  [TX]  0902
20:51:33.163  [RX]  STOPPED
20:53:17.789  [TX]  AT> ATCAF1
20:53:17.822  [TX]  AT> ATSH 6F1
20:53:17.840  [TX]  AT> ATCRA 612
20:53:17.874  [TX]  AT> ATFCSH 6F1
20:53:17.907  [TX]  AT> ATFCSD 30 00 00
20:53:17.925  [TX]  AT> ATFCSM 1
20:53:17.944  [TX]  TX> 12 22 A0 01
20:53:18.023  [TX]  AT> ATCRA
20:53:18.057  [TX]  AT> ATAR
20:53:19.988  [TX]  AT> ATCAF1
20:53:20.037  [TX]  AT> ATSH 6F1
20:53:20.054  [TX]  AT> ATCRA 612
20:53:20.072  [TX]  AT> ATFCSH 6F1
20:53:20.106  [TX]  AT> ATFCSD 30 00 00
20:53:20.125  [TX]  AT> ATFCSM 1
20:53:20.191  [TX]  TX> 12 22 A0 01
20:53:20.274  [TX]  AT> ATCRA
20:53:20.293  [TX]  AT> ATAR
20:53:30.772  [TX]  03
20:53:30.878  [RX]  CAN ERROR
20:53:30.883  [INFO]  Module read: EGS (resp 618)
20:53:30.885  [TX]  AT> ATCAF1
20:53:30.965  [TX]  AT> ATSH 6F1
20:53:31.002  [TX]  AT> ATCRA 618
20:53:31.021  [TX]  AT> ATFCSH 6F1
20:53:31.056  [TX]  AT> ATFCSD 30 00 00
20:53:31.106  [TX]  AT> ATFCSM 1
20:53:31.125  [TX]  TX> 18 19 02 FF
20:53:31.207  [RX]  module< CAN ERROR
20:53:31.208  [TX]  AT> ATCRA
20:53:31.227  [TX]  AT> ATAR
20:53:31.248  [INFO]  Module read: DSC (resp 629)
20:53:31.251  [TX]  AT> ATCAF1
20:53:31.271  [TX]  AT> ATSH 6F1
20:53:31.290  [TX]  AT> ATCRA 629
20:53:31.356  [TX]  AT> ATFCSH 6F1
20:53:31.375  [TX]  AT> ATFCSD 30 00 00
20:53:31.395  [TX]  AT> ATFCSM 1
20:53:31.413  [TX]  TX> 29 19 02 FF
20:53:31.542  [RX]  module< CAN ERROR
20:53:31.545  [TX]  AT> ATCRA
20:53:31.579  [TX]  AT> ATAR
20:53:31.599  [INFO]  Module read: ICM (resp 640)
20:53:31.602  [TX]  AT> ATCAF1
20:53:31.651  [TX]  AT> ATSH 6F1
20:53:31.670  [TX]  AT> ATCRA 640
20:53:31.688  [TX]  AT> ATFCSH 6F1
20:53:31.707  [TX]  AT> ATFCSD 30 00 00
20:53:31.774  [TX]  AT> ATFCSM 1
20:53:31.793  [TX]  TX> 40 19 02 FF
20:53:31.890  [RX]  module< CAN ERROR
20:53:31.894  [TX]  AT> ATCRA
20:53:31.944  [TX]  AT> ATAR
20:53:31.961  [INFO]  Module read: EHC (resp 660)
20:53:31.963  [TX]  AT> ATCAF1
20:53:31.982  [TX]  AT> ATSH 6F1
20:53:31.999  [TX]  AT> ATCRA 660
20:53:32.078  [TX]  AT> ATFCSH 6F1
20:53:32.098  [TX]  AT> ATFCSD 30 00 00
20:53:32.116  [TX]  AT> ATFCSM 1
20:53:32.135  [TX]  TX> 60 19 02 FF
20:53:32.245  [RX]  module< CAN ERROR
20:53:32.247  [TX]  AT> ATCRA
20:53:32.266  [TX]  AT> ATAR
20:53:32.285  [INFO]  Module read: ZGM (resp 661)
20:53:32.287  [TX]  AT> ATCAF1
20:53:32.351  [TX]  AT> ATSH 6F1
20:53:32.369  [TX]  AT> ATCRA 661
20:53:32.387  [TX]  AT> ATFCSH 6F1
20:53:32.405  [TX]  AT> ATFCSD 30 00 00
20:53:32.469  [TX]  AT> ATFCSM 1
20:53:32.487  [TX]  TX> 61 19 02 FF
20:53:32.566  [RX]  module< CAN ERROR
20:53:32.568  [TX]  AT> ATCRA
20:53:32.601  [TX]  AT> ATAR
20:53:32.636  [INFO]  Module read: SZL (resp 66F)
20:53:32.638  [TX]  AT> ATCAF1
20:53:32.655  [TX]  AT> ATSH 6F1
20:53:32.719  [TX]  AT> ATCRA 66F
20:53:32.737  [TX]  AT> ATFCSH 6F1
20:53:32.755  [TX]  AT> ATFCSD 30 00 00
20:53:32.773  [TX]  AT> ATFCSM 1
20:53:32.822  [TX]  TX> 6F 19 02 FF
20:53:32.933  [RX]  module< CAN ERROR
20:53:32.935  [TX]  AT> ATCRA
20:53:32.952  [TX]  AT> ATAR
20:53:32.972  [INFO]  Module read: EMF (resp 673)
20:53:32.974  [TX]  AT> ATCAF1
20:53:32.991  [TX]  AT> ATSH 6F1
20:53:33.053  [TX]  AT> ATCRA 673
20:53:33.070  [TX]  AT> ATFCSH 6F1
20:53:33.086  [TX]  AT> ATFCSD 30 00 00
20:53:33.118  [TX]  AT> ATFCSM 1
20:53:33.166  [TX]  TX> 73 19 02 FF
20:53:33.275  [RX]  module< CAN ERROR
20:53:33.275  [TX]  AT> ATCRA
20:53:33.291  [TX]  AT> ATAR
20:54:12.457  [INFO]  Connecting to DC:0D:30:E2:51:FD
20:54:12.470  [INFO]  Device type=CLASSIC name=vLinker BM-Android
20:54:12.472  [INFO]  Opening RFCOMM SPP
20:54:12.475  [INFO]  Bond state: BONDED
20:54:16.466  [INFO]  RFCOMM socket open
20:54:16.468  [TX]  init> ATZ
20:54:17.458  [RX]  init< ELM327 v2.2
20:54:18.261  [TX]  init> ATE0
20:54:18.286  [RX]  init< ATE0OK
20:54:18.368  [TX]  init> ATL0
20:54:18.393  [RX]  init< OK
20:54:18.476  [TX]  init> ATH0
20:54:18.542  [RX]  init< OK
20:54:18.625  [TX]  init> ATCAF1
20:54:18.691  [RX]  init< OK
20:54:18.775  [TX]  init> ATST 64
20:54:18.824  [RX]  init< OK
20:54:18.908  [TX]  init> ATAT2
20:54:18.953  [RX]  init< OK
20:54:19.036  [TX]  init> ATSP0
20:54:19.081  [RX]  init< OK
20:54:19.084  [TX]  init> 0100
20:54:22.647  [INFO]  ID read: DME
20:54:22.650  [TX]  AT> ATCAF1
20:54:22.682  [TX]  AT> ATSH 6F1
20:54:22.991  [RX]  init< SEARCHING...STOPPED
20:54:24.496  [INFO]  Probe ATSP0 -> no-data
20:54:24.499  [INFO]  ATSP0 auto-detect did not respond to 0100; forcing ATSP6 (CAN 11/500) for BMW E65
20:54:24.501  [TX]  init> ATSP6
20:54:24.562  [TX]  AT> ATCRA 612
20:54:24.586  [RX]  init< OKOK
20:54:24.589  [TX]  init> 0100
20:54:24.691  [TX]  AT> ATFCSH 6F1
20:54:24.711  [TX]  AT> ATFCSD 30 00 00
20:54:24.730  [TX]  AT> ATFCSM 1
20:54:24.749  [TX]  TX> 12 22 F1 87
20:54:24.860  [RX]  init< CAN ERROR
20:54:26.363  [INFO]  Probe ATSP6 -> no-data
20:54:26.366  [INFO]  ATSP6 also failed; trying ATSP7 (CAN 29/500)
20:54:26.369  [TX]  init> ATSP7
20:54:26.434  [RX]  init< 
20:54:26.436  [TX]  init> 0100
20:54:26.520  [TX]  TX> 12 22 F1 89
20:54:26.634  [TX]  TX> 12 22 F1 90
20:54:26.747  [TX]  TX> 12 22 F1 91
20:54:26.851  [RX]  init< CAN ERROR
20:54:28.356  [INFO]  Probe ATSP7 -> no-data
20:54:28.359  [ERROR]  Protocol detection failed on ATSP0/6/7 — polling will likely return NO DATA
20:54:28.361  [TX]  init> ATDPN
20:54:28.385  [RX]  init< 7
20:54:28.388  [INFO]  ELM327 init complete
20:54:34.760  [TX]  AT> ATCRA
20:54:34.794  [TX]  AT> ATAR
20:54:34.815  [INFO]  ID read: EGS
20:54:34.817  [TX]  AT> ATCAF1
20:54:34.835  [TX]  AT> ATSH 6F1
20:54:34.855  [TX]  AT> ATCRA 618
20:54:34.953  [TX]  AT> ATFCSH 6F1
20:54:34.972  [TX]  AT> ATFCSD 30 00 00
20:54:34.992  [TX]  AT> ATFCSM 1
20:54:35.011  [TX]  TX> 18 22 F1 87
20:54:35.094  [TX]  TX> 18 22 F1 89
20:54:35.207  [TX]  TX> 18 22 F1 90
20:54:35.305  [TX]  TX> 18 22 F1 91
20:54:35.404  [TX]  AT> ATCRA
20:54:35.423  [TX]  AT> ATAR
20:54:35.491  [INFO]  Sniffer start (ATMA)
20:54:35.492  [TX]  AT> ATCAF0
20:54:35.509  [TX]  AT> ATH1
20:54:35.526  [TX]  AT> ATS1
20:54:37.051  [TX]  AT> ATCAF1
20:54:37.071  [INFO]  Sniffer stop
20:54:37.075  [INFO]  ID read: DSC
20:54:37.077  [INFO]  Connected to DC:0D:30:E2:51:FD
20:54:37.080  [TX]  AT> ATCAF1
20:54:40.093  [TX]  AT> ATSH 6F1
20:54:40.128  [TX]  AT> ATCRA 629
20:54:40.147  [TX]  AT> ATFCSH 6F1
20:54:40.167  [TX]  AT> ATFCSD 30 00 00
20:54:40.186  [TX]  AT> ATFCSM 1
20:54:40.205  [TX]  TX> 29 22 F1 87
20:54:40.317  [TX]  TX> 29 22 F1 89
20:54:40.415  [TX]  TX> 29 22 F1 90
20:54:40.528  [TX]  TX> 29 22 F1 91
20:54:40.627  [TX]  AT> ATCRA
20:54:40.661  [TX]  AT> ATAR
